<?xml version="1.0" encoding="UTF-8"?>
<testng-results ignored="0" total="1" passed="1" failed="0" skipped="0">
  <reporter-output>
  </reporter-output>
  <suite started-at="2024-04-24T16:13:45 IST" name="Default suite" finished-at="2024-04-24T16:14:22 IST" duration-ms="36687">
    <groups>
    </groups>
    <test started-at="2024-04-24T16:13:45 IST" name="Default test" finished-at="2024-04-24T16:14:22 IST" duration-ms="36687">
      <class name="h_m.End_To_End_Sce2Test">
        <test-method signature="demo()[pri:0, instance:h_m.End_To_End_Sce2Test@268f106e]" started-at="2024-04-24T16:13:45 IST" name="demo" finished-at="2024-04-24T16:14:22 IST" duration-ms="36628" status="PASS">
          <reporter-output>
          </reporter-output>
        </test-method> <!-- demo -->
      </class> <!-- h_m.End_To_End_Sce2Test -->
    </test> <!-- Default test -->
  </suite> <!-- Default suite -->
</testng-results>
