<?xml version="1.0" encoding="UTF-8"?>
<!-- Generated by org.testng.reporters.JUnitXMLReporter -->
<testsuite ignored="0" hostname="LAPTOP-LVQ6JQ2H" failures="0" tests="3" name="Test" time="29.054" errors="0" timestamp="2024-04-12T16:47:04 IST">
  <testcase classname="genricClass.SampleTest" name="Delete_Category" time="4.351"/>
  <testcase classname="genricClass.SampleTest" name="Updating_the_category_details" time="2.908"/>
  <testcase classname="genricClass.SampleTest" name="Verify_the_product" time="14.573"/>
</testsuite> <!-- Test -->
