<?xml version="1.0" encoding="UTF-8"?>
<!-- Generated by org.testng.reporters.JUnitXMLReporter -->
<testsuite ignored="0" hostname="LAPTOP-LVQ6JQ2H" failures="0" tests="3" name="test1" time="0.139" errors="0" timestamp="2024-04-12T12:26:45 IST">
  <testcase classname="genricClass.SampleTest" name="Delete_Category" time="0.0">
    <skipped/>
  </testcase> <!-- Delete_Category -->
  <testcase classname="genricClass.SampleTest" name="Updating_the_category_details" time="0.0">
    <skipped/>
  </testcase> <!-- Updating_the_category_details -->
  <testcase classname="genricClass.SampleTest" name="Verify_the_product" time="0.0">
    <skipped/>
  </testcase> <!-- Verify_the_product -->
</testsuite> <!-- test1 -->
